
Showing logs for build [32mcb-kubecd-environment-pr-198-25-6v5nx-1[0m stage [32mfrom-build-pack[0m and container [32mstep-credential-initializer-bzr22[0m
{"level":"warn","ts":1586493389.483533,"logger":"fallback-logger","caller":"logging/config.go:69","msg":"Fetch GitHub commit ID from kodata failed: \"ref: refs/heads/0.8.0-**-support-backwards-incompats\" is not a valid GitHub commit ID"}
{"level":"info","ts":1586493389.4843996,"logger":"fallback-logger","caller":"creds-init/main.go:40","msg":"Credentials initialized."}

Showing logs for build [32mcb-kubecd-environment-pr-198-25-6v5nx-1[0m stage [32mfrom-build-pack[0m and container [32mstep-working-dir-initializer-9fbng[0m
{"level":"warn","ts":1586493390.404808,"logger":"fallback-logger","caller":"logging/config.go:69","msg":"Fetch GitHub commit ID from kodata failed: open /var/run/ko/HEAD: no such file or directory"}
{"level":"info","ts":1586493390.4124393,"logger":"fallback-logger","caller":"bash/main.go:64","msg":"Successfully executed command \"sh -c mkdir -p /workspace/source\"; output "}

Showing logs for build [32mcb-kubecd-environment-pr-198-25-6v5nx-1[0m stage [32mfrom-build-pack[0m and container [32mstep-place-tools[0m

Showing logs for build [32mcb-kubecd-environment-pr-198-25-6v5nx-1[0m stage [32mfrom-build-pack[0m and container [32mstep-git-source-cb-kubecd-environment-pr-198-25-6v5nx-qfdjr[0m
{"level":"warn","ts":1586493394.5253363,"logger":"fallback-logger","caller":"logging/config.go:69","msg":"Fetch GitHub commit ID from kodata failed: \"ref: refs/heads/0.8.0-**-support-backwards-incompats\" is not a valid GitHub commit ID"}
{"level":"info","ts":1586493395.5563965,"logger":"fallback-logger","caller":"git/git.go:103","msg":"Successfully cloned https://github.com/cb-kubecd/environment-pr-198-25-boot-gke-production.git @ master in path /workspace/source"}

Showing logs for build [32mcb-kubecd-environment-pr-198-25-6v5nx-1[0m stage [32mfrom-build-pack[0m and container [32mstep-git-merge[0m
Using SHAs from PULL_REFS=master:ce2b34f161f66728e10c29f44703c156324a7d6b,1:bc00f2be7bef0366991432f714c6cef445dd2b1f
DEBUG: LC_ALL=C JX_LOG_LEVEL=error git fetch origin --unshallow bc00f2be7bef0366991432f714c6cef445dd2b1f: ce2b34f161f66728e10c29f44703c156324a7d6b:
DEBUG: ran git fetch --unshallow origin bc00f2be7bef0366991432f714c6cef445dd2b1f: ce2b34f161f66728e10c29f44703c156324a7d6b: in 
DEBUG: JX_LOG_LEVEL=error LC_ALL=C git branch
DEBUG: LC_ALL=C JX_LOG_LEVEL=error git checkout master
DEBUG: ran git checkout master in 
DEBUG: LC_ALL=C JX_LOG_LEVEL=error git reset --hard ce2b34f161f66728e10c29f44703c156324a7d6b
DEBUG: ran git reset --hard ce2b34f161f66728e10c29f44703c156324a7d6b in 
DEBUG: LC_ALL=C JX_LOG_LEVEL=error git clean -fd .
DEBUG: ran clean --force -d . in 
DEBUG: LC_ALL=C JX_LOG_LEVEL=error git merge bc00f2be7bef0366991432f714c6cef445dd2b1f
DEBUG: ran git merge bc00f2be7bef0366991432f714c6cef445dd2b1f in 
DEBUG: LC_ALL=C JX_LOG_LEVEL=error git log --format=%H%x1f%an%x1f%ae%x1f%cn%x1f%ce%x1f%s%n%b%x1e ce2b34f161f66728e10c29f44703c156324a7d6b..HEAD
Merged SHA bc00f2be7bef0366991432f714c6cef445dd2b1f with commit message 'chore: Promote bdd-spring-1586492522 to version 0.0.1' into base branch master

Showing logs for build [32mcb-kubecd-environment-pr-198-25-6v5nx-1[0m stage [32mfrom-build-pack[0m and container [32mstep-build-helm-build[0m
WARNING: No $CHART_REPOSITORY defined so using the default value of: http://jenkins-x-chartmuseum:8080
Adding missing Helm repo: storage.googleapis.com https://storage.googleapis.com/chartmuseum.jenkins-x.io
WARNING: No secrets found on "helm/repos" due: reading the secret "helm/repos" from vault: no secret "helm/repos" not found in vault
Read credentials for https://storage.googleapis.com/chartmuseum.jenkins-x.io from vault helm/repos
Successfully added Helm repository storage.googleapis.com.
Adding missing Helm repo: jenkins-x-chartmuseum http://jenkins-x-chartmuseum:8080
WARNING: No secrets found on "helm/repos" due: reading the secret "helm/repos" from vault: no secret "helm/repos" not found in vault
Read credentials for http://jenkins-x-chartmuseum:8080 from vault helm/repos
Successfully added Helm repository jenkins-x-chartmuseum.
WARNING: No $CHART_REPOSITORY defined so using the default value of: http://jenkins-x-chartmuseum:8080
Adding missing Helm repo: chartmuseum.jenkins-x.io http://chartmuseum.jenkins-x.io
WARNING: No secrets found on "helm/repos" due: reading the secret "helm/repos" from vault: no secret "helm/repos" not found in vault
Read credentials for http://chartmuseum.jenkins-x.io from vault helm/repos
Successfully added Helm repository chartmuseum.jenkins-x.io.
